F:\CG\上机\PROJECTTHREE\DEBUG\PROJECTTHREE.EXE
F:\CG\上机\PROJECTTHREE\DEBUG\PROJECTTHREE.ILK
F:\CG\上机\PROJECTTHREE\DEBUG\PROJECTTHREE.PDB
F:\CG\上机\PROJECTTHREE\PROJECTTHREE\DEBUG\CGPOINT3D.OBJ
F:\CG\上机\PROJECTTHREE\PROJECTTHREE\DEBUG\CGSPHERE.OBJ
F:\CG\上机\PROJECTTHREE\PROJECTTHREE\DEBUG\CGTRIANGLE.OBJ
F:\CG\上机\ProjectThree\ProjectThree\Debug\cl.command.1.tlog
F:\CG\上机\ProjectThree\ProjectThree\Debug\CL.read.1.tlog
F:\CG\上机\ProjectThree\ProjectThree\Debug\CL.write.1.tlog
F:\CG\上机\ProjectThree\ProjectThree\Debug\link.command.1.tlog
F:\CG\上机\ProjectThree\ProjectThree\Debug\link.read.1.tlog
F:\CG\上机\ProjectThree\ProjectThree\Debug\link.write.1.tlog
F:\CG\上机\ProjectThree\ProjectThree\Debug\link-cvtres.read.1.tlog
F:\CG\上机\ProjectThree\ProjectThree\Debug\link-cvtres.write.1.tlog
F:\CG\上机\ProjectThree\ProjectThree\Debug\mt.command.1.tlog
F:\CG\上机\ProjectThree\ProjectThree\Debug\mt.read.1.tlog
F:\CG\上机\ProjectThree\ProjectThree\Debug\mt.write.1.tlog
F:\CG\上机\PROJECTTHREE\PROJECTTHREE\DEBUG\PROJECTTHREE.EXE.EMBED.MANIFEST
F:\CG\上机\PROJECTTHREE\PROJECTTHREE\DEBUG\PROJECTTHREE.EXE.EMBED.MANIFEST.RES
F:\CG\上机\PROJECTTHREE\PROJECTTHREE\DEBUG\PROJECTTHREE.EXE.INTERMEDIATE.MANIFEST
F:\CG\上机\PROJECTTHREE\PROJECTTHREE\DEBUG\PROJECTTHREE.OBJ
F:\CG\上机\ProjectThree\ProjectThree\Debug\ProjectThree.write.1.tlog
F:\CG\上机\ProjectThree\ProjectThree\Debug\ProjectThree_manifest.rc
F:\CG\上机\ProjectThree\ProjectThree\Debug\rc.command.1.tlog
F:\CG\上机\ProjectThree\ProjectThree\Debug\rc.read.1.tlog
F:\CG\上机\ProjectThree\ProjectThree\Debug\rc.write.1.tlog
F:\CG\上机\ProjectThree\ProjectThree\Debug\vc100.idb
F:\CG\上机\PROJECTTHREE\PROJECTTHREE\DEBUG\VC100.PDB
