F:\CG\上机\PROJECTFOUR\DEBUG\PROJECTFOUR.EXE
F:\CG\上机\PROJECTFOUR\DEBUG\PROJECTFOUR.ILK
F:\CG\上机\PROJECTFOUR\DEBUG\PROJECTFOUR.PDB
F:\CG\上机\PROJECTFOUR\PROJECTFOUR\DEBUG\CGCUBE.OBJ
F:\CG\上机\PROJECTFOUR\PROJECTFOUR\DEBUG\CGCYLINDER.OBJ
F:\CG\上机\PROJECTFOUR\PROJECTFOUR\DEBUG\CGPOINT3D.OBJ
F:\CG\上机\PROJECTFOUR\PROJECTFOUR\DEBUG\CGQUAD.OBJ
F:\CG\上机\PROJECTFOUR\PROJECTFOUR\DEBUG\CGSPHERE.OBJ
F:\CG\上机\PROJECTFOUR\PROJECTFOUR\DEBUG\CGTRIANGLE.OBJ
F:\CG\上机\ProjectFour\ProjectFour\Debug\cl.command.1.tlog
F:\CG\上机\ProjectFour\ProjectFour\Debug\CL.read.1.tlog
F:\CG\上机\ProjectFour\ProjectFour\Debug\CL.write.1.tlog
F:\CG\上机\ProjectFour\ProjectFour\Debug\link.command.1.tlog
F:\CG\上机\ProjectFour\ProjectFour\Debug\link.read.1.tlog
F:\CG\上机\ProjectFour\ProjectFour\Debug\link.write.1.tlog
F:\CG\上机\ProjectFour\ProjectFour\Debug\link-cvtres.read.1.tlog
F:\CG\上机\ProjectFour\ProjectFour\Debug\link-cvtres.write.1.tlog
F:\CG\上机\ProjectFour\ProjectFour\Debug\mt.command.1.tlog
F:\CG\上机\ProjectFour\ProjectFour\Debug\mt.read.1.tlog
F:\CG\上机\ProjectFour\ProjectFour\Debug\mt.write.1.tlog
F:\CG\上机\PROJECTFOUR\PROJECTFOUR\DEBUG\PROJECTFOUR.EXE.EMBED.MANIFEST
F:\CG\上机\PROJECTFOUR\PROJECTFOUR\DEBUG\PROJECTFOUR.EXE.EMBED.MANIFEST.RES
F:\CG\上机\PROJECTFOUR\PROJECTFOUR\DEBUG\PROJECTFOUR.EXE.INTERMEDIATE.MANIFEST
F:\CG\上机\PROJECTFOUR\PROJECTFOUR\DEBUG\PROJECTFOUR.OBJ
F:\CG\上机\ProjectFour\ProjectFour\Debug\ProjectFour.vcxprojResolveAssemblyReference.cache
F:\CG\上机\ProjectFour\ProjectFour\Debug\ProjectFour.write.1.tlog
F:\CG\上机\ProjectFour\ProjectFour\Debug\ProjectFour_manifest.rc
F:\CG\上机\ProjectFour\ProjectFour\Debug\rc.command.1.tlog
F:\CG\上机\ProjectFour\ProjectFour\Debug\rc.read.1.tlog
F:\CG\上机\ProjectFour\ProjectFour\Debug\rc.write.1.tlog
F:\CG\上机\ProjectFour\ProjectFour\Debug\vc100.idb
F:\CG\上机\PROJECTFOUR\PROJECTFOUR\DEBUG\VC100.PDB
